0 info it worked if it ends with ok
1 verbose cli [ '/home/ubuntu/.nvm/v0.10.35/bin/node',
1 verbose cli   '/home/ubuntu/.nvm/v0.10.35/bin/npm',
1 verbose cli   'start' ]
2 info using npm@1.4.28
3 info using node@v0.10.35
4 verbose run-script [ 'prestart', 'start', 'poststart' ]
5 info prestart react-engine-example-simple@
6 info start react-engine-example-simple@
7 verbose unsafe-perm in lifecycle true
8 info react-engine-example-simple@ Failed to exec start script
9 error react-engine-example-simple@ start: `npm run browserify && node index.js`
9 error Exit status 1
10 error Failed at the react-engine-example-simple@ start script.
10 error This is most likely a problem with the react-engine-example-simple package,
10 error not with npm itself.
10 error Tell the author that this fails on your system:
10 error     npm run browserify && node index.js
10 error You can get their info via:
10 error     npm owner ls react-engine-example-simple
10 error There is likely additional logging output above.
11 error System Linux 3.14.13-c9
12 error command "/home/ubuntu/.nvm/v0.10.35/bin/node" "/home/ubuntu/.nvm/v0.10.35/bin/npm" "start"
13 error cwd /home/ubuntu/workspace/public
14 error node -v v0.10.35
15 error npm -v 1.4.28
16 error code ELIFECYCLE
17 verbose exit [ 1, true ]
